#
# A fatal error has been detected by the Java Runtime Environment:
#
#  EXCEPTION_ACCESS_VIOLATION (0xc0000005) at pc=0x00007ffd4cefc75d, pid=41380, tid=31112
#
# JRE version: Java(TM) SE Runtime Environment (20.0.1+9) (build 20.0.1+9-29)
# Java VM: Java HotSpot(TM) 64-Bit Server VM (20.0.1+9-29, mixed mode, sharing, tiered, compressed oops, compressed class ptrs, g1 gc, windows-amd64)
# Problematic frame:
# C  [lwjgl_opengl.dll+0xc75d]
#
# No core dump will be written. Minidumps are not enabled by default on client versions of Windows
#
# If you would like to submit a bug report, please visit:
#   https://bugreport.java.com/bugreport/crash.jsp
# The crash happened outside the Java Virtual Machine in native code.
# See problematic frame for where to report the bug.
#

---------------  S U M M A R Y ------------

Command Line: -Dfile.encoding=UTF-8 -XX:+ShowCodeDetailsInExceptionMessages Main3D

Host: AMD Ryzen 7 5800H with Radeon Graphics         , 16 cores, 15G,  Windows 11 , 64 bit Build 22621 (10.0.22621.3374)
Time: Tue May  7 19:51:00 2024 E. South America Standard Time elapsed time: 0.555691 seconds (0d 0h 0m 0s)

---------------  T H R E A D  ---------------

Current thread (0x0000026f4a4cf0a0):  JavaThread "main" [_thread_in_native, id=31112, stack(0x000000d3e7700000,0x000000d3e7800000)]

Stack: [0x000000d3e7700000,0x000000d3e7800000],  sp=0x000000d3e77fedc8,  free space=1019k
Native frames: (J=compiled Java code, j=interpreted, Vv=VM code, C=native code)
C  [lwjgl_opengl.dll+0xc75d]

Java frames: (J=compiled Java code, j=interpreted, Vv=VM code)
j  org.lwjgl.opengl.GL11C.nglGenTextures(IJ)V+0
j  org.lwjgl.opengl.GL11C.glGenTextures()I+20
j  org.lwjgl.opengl.GL11.glGenTextures()I+0
j  util.TextureLoader.loadTexture(Ljava/awt/image/BufferedImage;)I+157
j  Main3D.loop()V+36
j  Main3D.run()V+34
j  Main3D.main([Ljava/lang/String;)V+7
v  ~StubRoutines::call_stub 0x0000026f599d100d

siginfo: EXCEPTION_ACCESS_VIOLATION (0xc0000005), reading address 0x00000000000002d8


Registers:
RAX=0x0000026f6e899d80, RBX=0x0000026f6a94cf70, RCX=0x0000000000000001, RDX=0x0000026f6e91e88c
RSP=0x000000d3e77fedc8, RBP=0x000000d3e77fee58, RSI=0x0000026f6a580280, RDI=0x0000000000000001
R8 =0x0000000000000001, R9 =0x0000026f6e91e88c, R10=0x0000000000000000, R11=0x00000007187f1ef8
R12=0x0000000000000000, R13=0x0000026f6a94cf70, R14=0x000000d3e77fee88, R15=0x0000026f4a4cf0a0
RIP=0x00007ffd4cefc75d, EFLAGS=0x0000000000010287


Register to memory mapping:

RIP=0x00007ffd4cefc75d lwjgl_opengl.dll
RAX=0x0000026f6e899d80 points into unknown readable memory: 0x0000000000000000 | 00 00 00 00 00 00 00 00
RBX={method} {0x0000026f6a94cf78} 'nglGenTextures' '(IJ)V' in 'org/lwjgl/opengl/GL11C'
RCX=0x0000000000000001 is an unknown value
RDX=0x0000026f6e91e88c points into unknown readable memory: 00 00 00 00
RSP=0x000000d3e77fedc8 is pointing into the stack for thread: 0x0000026f4a4cf0a0
RBP=0x000000d3e77fee58 is pointing into the stack for thread: 0x0000026f4a4cf0a0
RSI=0x0000026f6a580280 is pointing into metadata
RDI=0x0000000000000001 is an unknown value
R8 =0x0000000000000001 is an unknown value
R9 =0x0000026f6e91e88c points into unknown readable memory: 00 00 00 00
R10=0x0 is NULL
R11=0x00000007187f1ef8 is an oop: java.lang.Class 
{0x00000007187f1ef8} - klass: 'java/lang/Class'
 - ---- fields (total size 116 words):
 - private volatile transient 'classRedefinedCount' 'I' @12  0 (0x00000000)
 - abstract internal 'klass' 'J' @16  34377306632 (0x00000008010c1208)
 - abstract internal 'array_klass' 'J' @24  0 (0x0000000000000000)
 - abstract internal 'oop_size' 'I' @32  116 (0x00000074)
 - abstract internal 'static_oop_field_count' 'I' @36  0 (0x00000000)
 - private volatile transient 'cachedConstructor' 'Ljava/lang/reflect/Constructor;' @40  NULL (0x00000000)
 - private transient 'name' 'Ljava/lang/String;' @44  "org.lwjgl.opengl.GL11C"{0x00000007187f2460} (0xe30fe48c)
 - private transient 'module' 'Ljava/lang/Module;' @48  a 'java/lang/Module'{0x0000000718e64938} (0xe31cc927)
 - private final 'classLoader' 'Ljava/lang/ClassLoader;' @52  a 'jdk/internal/loader/ClassLoaders$AppClassLoader'{0x0000000718e64778} (0xe31cc8ef)
 - private transient 'classData' 'Ljava/lang/Object;' @56  NULL (0x00000000)
 - private transient 'packageName' 'Ljava/lang/String;' @60  "org.lwjgl.opengl"{0x00000007187536d8} (0xe30ea6db)
 - private final 'componentType' 'Ljava/lang/Class;' @64  NULL (0x00000000)
 - private volatile transient 'reflectionData' 'Ljava/lang/ref/SoftReference;' @68  NULL (0x00000000)
 - private volatile transient 'genericInfo' 'Lsun/reflect/generics/repository/ClassRepository;' @72  NULL (0x00000000)
 - private volatile transient 'enumConstants' '[Ljava/lang/Object;' @76  NULL (0x00000000)
 - private volatile transient 'enumConstantDirectory' 'Ljava/util/Map;' @80  NULL (0x00000000)
 - private volatile transient 'annotationData' 'Ljava/lang/Class$AnnotationData;' @84  NULL (0x00000000)
 - private volatile transient 'annotationType' 'Lsun/reflect/annotation/AnnotationType;' @88  NULL (0x00000000)
 - transient 'classValueMap' 'Ljava/lang/ClassValue$ClassValueMap;' @92  NULL (0x00000000)
 - abstract internal 'protection_domain' 'Ljava/lang/Object;' @96  a 'java/security/ProtectionDomain'{0x00000007187769c0} (0xe30eed38)
 - abstract internal 'signers_name' 'Ljava/lang/Object;' @100  NULL (0x00000000)
 - abstract internal 'source_file' 'Ljava/lang/Object;' @104  NULL (0x00000000)
 - signature: Lorg/lwjgl/opengl/GL11C;
 - ---- static fields (0):
 - public static final 'GL_NEVER' 'I' @112  512 (0x00000200)
 - public static final 'GL_LESS' 'I' @116  513 (0x00000201)
 - public static final 'GL_EQUAL' 'I' @120  514 (0x00000202)
 - public static final 'GL_LEQUAL' 'I' @124  515 (0x00000203)
 - public static final 'GL_GREATER' 'I' @128  516 (0x00000204)
 - public static final 'GL_NOTEQUAL' 'I' @132  517 (0x00000205)
 - public static final 'GL_GEQUAL' 'I' @136  518 (0x00000206)
 - public static final 'GL_ALWAYS' 'I' @140  519 (0x00000207)
 - public static final 'GL_DEPTH_BUFFER_BIT' 'I' @144  256 (0x00000100)
 - public static final 'GL_STENCIL_BUFFER_BIT' 'I' @148  1024 (0x00000400)
 - public static final 'GL_COLOR_BUFFER_BIT' 'I' @152  16384 (0x00004000)
 - public static final 'GL_POINTS' 'I' @156  0 (0x00000000)
 - public static final 'GL_LINES' 'I' @160  1 (0x00000001)
 - public static final 'GL_LINE_LOOP' 'I' @164  2 (0x00000002)
 - public static final 'GL_LINE_STRIP' 'I' @168  3 (0x00000003)
 - public static final 'GL_TRIANGLES' 'I' @172  4 (0x00000004)
 - public static final 'GL_TRIANGLE_STRIP' 'I' @176  5 (0x00000005)
 - public static final 'GL_TRIANGLE_FAN' 'I' @180  6 (0x00000006)
 - public static final 'GL_QUADS' 'I' @184  7 (0x00000007)
 - public static final 'GL_ZERO' 'I' @188  0 (0x00000000)
 - public static final 'GL_ONE' 'I' @192  1 (0x00000001)
 - public static final 'GL_SRC_COLOR' 'I' @196  768 (0x00000300)
 - public static final 'GL_ONE_MINUS_SRC_COLOR' 'I' @200  769 (0x00000301)
 - public static final 'GL_SRC_ALPHA' 'I' @204  770 (0x00000302)
 - public static final 'GL_ONE_MINUS_SRC_ALPHA' 'I' @208  771 (0x00000303)
 - public static final 'GL_DST_ALPHA' 'I' @212  772 (0x00000304)
 - public static final 'GL_ONE_MINUS_DST_ALPHA' 'I' @216  773 (0x00000305)
 - public static final 'GL_DST_COLOR' 'I' @220  774 (0x00000306)
 - public static final 'GL_ONE_MINUS_DST_COLOR' 'I' @224  775 (0x00000307)
 - public static final 'GL_SRC_ALPHA_SATURATE' 'I' @228  776 (0x00000308)
 - public static final 'GL_TRUE' 'I' @232  1 (0x00000001)
 - public static final 'GL_FALSE' 'I' @236  0 (0x00000000)
 - public static final 'GL_BYTE' 'I' @240  5120 (0x00001400)
 - public static final 'GL_UNSIGNED_BYTE' 'I' @244  5121 (0x00001401)
 - public static final 'GL_SHORT' 'I' @248  5122 (0x00001402)
 - public static final 'GL_UNSIGNED_SHORT' 'I' @252  5123 (0x00001403)
 - public static final 'GL_INT' 'I' @256  5124 (0x00001404)
 - public static final 'GL_UNSIGNED_INT' 'I' @260  5125 (0x00001405)
 - public static final 'GL_FLOAT' 'I' @264  5126 (0x00001406)
 - public static final 'GL_DOUBLE' 'I' @268  5130 (0x0000140a)
 - public static final 'GL_NONE' 'I' @272  0 (0x00000000)
 - public static final 'GL_FRONT_LEFT' 'I' @276  1024 (0x00000400)
 - public static final 'GL_FRONT_RIGHT' 'I' @280  1025 (0x00000401)
 - public static final 'GL_BACK_LEFT' 'I' @284  1026 (0x00000402)
 - public static final 'GL_BACK_RIGHT' 'I' @288  1027 (0x00000403)
 - public static final 'GL_FRONT' 'I' @292  1028 (0x00000404)
 - public static final 'GL_BACK' 'I' @296  1029 (0x00000405)
 - public static final 'GL_LEFT' 'I' @300  1030 (0x00000406)
 - public static final 'GL_RIGHT' 'I' @304  1031 (0x00000407)
 - public static final 'GL_FRONT_AND_BACK' 'I' @308  1032 (0x00000408)
 - public static final 'GL_NO_ERROR' 'I' @312  0 (0x00000000)
 - public static final 'GL_INVALID_ENUM' 'I' @316  1280 (0x00000500)
 - public static final 'GL_INVALID_VALUE' 'I' @320  1281 (0x00000501)
 - public static final 'GL_INVALID_OPERATION' 'I' @324  1282 (0x00000502)
 - public static final 'GL_STACK_OVERFLOW' 'I' @328  1283 (0x00000503)
 - public static final 'GL_STACK_UNDERFLOW' 'I' @332  1284 (0x00000504)
 - public static final 'GL_OUT_OF_MEMORY' 'I' @336  1285 (0x00000505)
 - public static final 'GL_CW' 'I' @340  2304 (0x00000900)
 - public static final 'GL_CCW' 'I' @344  2305 (0x00000901)
 - public static final 'GL_POINT_SIZE' 'I' @348  2833 (0x00000b11)
 - public static final 'GL_POINT_SIZE_RANGE' 'I' @352  2834 (0x00000b12)
 - public static final 'GL_POINT_SIZE_GRANULARITY' 'I' @356  2835 (0x00000b13)
 - public static final 'GL_LINE_SMOOTH' 'I' @360  2848 (0x00000b20)
 - public static final 'GL_LINE_WIDTH' 'I' @364  2849 (0x00000b21)
 - public static final 'GL_LINE_WIDTH_RANGE' 'I' @368  2850 (0x00000b22)
 - public static final 'GL_LINE_WIDTH_GRANULARITY' 'I' @372  2851 (0x00000b23)
 - public static final 'GL_POLYGON_MODE' 'I' @376  2880 (0x00000b40)
 - public static final 'GL_POLYGON_SMOOTH' 'I' @380  2881 (0x00000b41)
 - public static final 'GL_CULL_FACE' 'I' @384  2884 (0x00000b44)
 - public static final 'GL_CULL_FACE_MODE' 'I' @388  2885 (0x00000b45)
 - public static final 'GL_FRONT_FACE' 'I' @392  2886 (0x00000b46)
 - public static final 'GL_DEPTH_RANGE' 'I' @396  2928 (0x00000b70)
 - public static final 'GL_DEPTH_TEST' 'I' @400  2929 (0x00000b71)
 - public static final 'GL_DEPTH_WRITEMASK' 'I' @404  2930 (0x00000b72)
 - public static final 'GL_DEPTH_CLEAR_VALUE' 'I' @408  2931 (0x00000b73)
 - public static final 'GL_DEPTH_FUNC' 'I' @412  2932 (0x00000b74)
 - public static final 'GL_STENCIL_TEST' 'I' @416  2960 (0x00000b90)
 - public static final 'GL_STENCIL_CLEAR_VALUE' 'I' @420  2961 (0x00000b91)
 - public static final 'GL_STENCIL_FUNC' 'I' @424  2962 (0x00000b92)
 - public static final 'GL_STENCIL_VALUE_MASK' 'I' @428  2963 (0x00000b93)
 - public static final 'GL_STENCIL_FAIL' 'I' @432  2964 (0x00000b94)
 - public static final 'GL_STENCIL_PASS_DEPTH_FAIL' 'I' @436  2965 (0x00000b95)
 - public static final 'GL_STENCIL_PASS_DEPTH_PASS' 'I' @440  2966 (0x00000b96)
 - public static final 'GL_STENCIL_REF' 'I' @444  2967 (0x00000b97)
 - public static final 'GL_STENCIL_WRITEMASK' 'I' @448  2968 (0x00000b98)
 - public static final 'GL_VIEWPORT' 'I' @452  2978 (0x00000ba2)
 - public static final 'GL_DITHER' 'I' @456  3024 (0x00000bd0)
 - public static final 'GL_BLEND_DST' 'I' @460  3040 (0x00000be0)
 - public static final 'GL_BLEND_SRC' 'I' @464  3041 (0x00000be1)
 - public static final 'GL_BLEND' 'I' @468  3042 (0x00000be2)
 - public static final 'GL_LOGIC_OP_MODE' 'I' @472  3056 (0x00000bf0)
 - public static final 'GL_COLOR_LOGIC_OP' 'I' @476  3058 (0x00000bf2)
 - public static final 'GL_DRAW_BUFFER' 'I' @480  3073 (0x00000c01)
 - public static final 'GL_READ_BUFFER' 'I' @484  3074 (0x00000c02)
 - public static final 'GL_SCISSOR_BOX' 'I' @488  3088 (0x00000c10)
 - public static final 'GL_SCISSOR_TEST' 'I' @492  3089 (0x00000c11)
 - public static final 'GL_COLOR_CLEAR_VALUE' 'I' @496  3106 (0x00000c22)
 - public static final 'GL_COLOR_WRITEMASK' 'I' @500  3107 (0x00000c23)
 - public static final 'GL_DOUBLEBUFFER' 'I' @504  3122 (0x00000c32)
 - public static final 'GL_STEREO' 'I' @508  3123 (0x00000c33)
 - public static final 'GL_LINE_SMOOTH_HINT' 'I' @512  3154 (0x00000c52)
 - public static final 'GL_POLYGON_SMOOTH_HINT' 'I' @516  3155 (0x00000c53)
 - public static final 'GL_UNPACK_SWAP_BYTES' 'I' @520  3312 (0x00000cf0)
 - public static final 'GL_UNPACK_LSB_FIRST' 'I' @524  3313 (0x00000cf1)
 - public static final 'GL_UNPACK_ROW_LENGTH' 'I' @528  3314 (0x00000cf2)
 - public static final 'GL_UNPACK_SKIP_ROWS' 'I' @532  3315 (0x00000cf3)
 - public static final 'GL_UNPACK_SKIP_PIXELS' 'I' @536  3316 (0x00000cf4)
 - public static final 'GL_UNPACK_ALIGNMENT' 'I' @540  3317 (0x00000cf5)
 - public static final 'GL_PACK_SWAP_BYTES' 'I' @544  3328 (0x00000d00)
 - public static final 'GL_PACK_LSB_FIRST' 'I' @548  3329 (0x00000d01)
 - public static final 'GL_PACK_ROW_LENGTH' 'I' @552  3330 (0x00000d02)
 - public static final 'GL_PACK_SKIP_ROWS' 'I' @556  3331 (0x00000d03)
 - public static final 'GL_PACK_SKIP_PIXELS' 'I' @560  3332 (0x00000d04)
 - public static final 'GL_PACK_ALIGNMENT' 'I' @564  3333 (0x00000d05)
 - public static final 'GL_MAX_TEXTURE_SIZE' 'I' @568  3379 (0x00000d33)
 - public static final 'GL_MAX_VIEWPORT_DIMS' 'I' @572  3386 (0x00000d3a)
 - public static final 'GL_SUBPIXEL_BITS' 'I' @576  3408 (0x00000d50)
 - public static final 'GL_TEXTURE_1D' 'I' @580  3552 (0x00000de0)
 - public static final 'GL_TEXTURE_2D' 'I' @584  3553 (0x00000de1)
 - public static final 'GL_TEXTURE_WIDTH' 'I' @588  4096 (0x00001000)
 - public static final 'GL_TEXTURE_HEIGHT' 'I' @592  4097 (0x00001001)
 - public static final 'GL_TEXTURE_INTERNAL_FORMAT' 'I' @596  4099 (0x00001003)
 - public static final 'GL_TEXTURE_BORDER_COLOR' 'I' @600  4100 (0x00001004)
 - public static final 'GL_DONT_CARE' 'I' @604  4352 (0x00001100)
 - public static final 'GL_FASTEST' 'I' @608  4353 (0x00001101)
 - public static final 'GL_NICEST' 'I' @612  4354 (0x00001102)
 - public static final 'GL_CLEAR' 'I' @616  5376 (0x00001500)
 - public static final 'GL_AND' 'I' @620  5377 (0x00001501)
 - public static final 'GL_AND_REVERSE' 'I' @624  5378 (0x00001502)
 - public static final 'GL_COPY' 'I' @628  5379 (0x00001503)
 - public static final 'GL_AND_INVERTED' 'I' @632  5380 (0x00001504)
 - public static final 'GL_NOOP' 'I' @636  5381 (0x00001505)
 - public static final 'GL_XOR' 'I' @640  5382 (0x00001506)
 - public static final 'GL_OR' 'I' @644  5383 (0x00001507)
 - public static final 'GL_NOR' 'I' @648  5384 (0x00001508)
 - public static final 'GL_EQUIV' 'I' @652  5385 (0x00001509)
 - public static final 'GL_INVERT' 'I' @656  5386 (0x0000150a)
 - public static final 'GL_OR_REVERSE' 'I' @660  5387 (0x0000150b)
 - public static final 'GL_COPY_INVERTED' 'I' @664  5388 (0x0000150c)
 - public static final 'GL_OR_INVERTED' 'I' @668  5389 (0x0000150d)
 - public static final 'GL_NAND' 'I' @672  5390 (0x0000150e)
 - public static final 'GL_SET' 'I' @676  5391 (0x0000150f)
 - public static final 'GL_TEXTURE' 'I' @680  5890 (0x00001702)
 - public static final 'GL_COLOR' 'I' @684  6144 (0x00001800)
 - public static final 'GL_DEPTH' 'I' @688  6145 (0x00001801)
 - public static final 'GL_STENCIL' 'I' @692  6146 (0x00001802)
 - public static final 'GL_STENCIL_INDEX' 'I' @696  6401 (0x00001901)
 - public static final 'GL_DEPTH_COMPONENT' 'I' @700  6402 (0x00001902)
 - public static final 'GL_RED' 'I' @704  6403 (0x00001903)
 - public static final 'GL_GREEN' 'I' @708  6404 (0x00001904)
 - public static final 'GL_BLUE' 'I' @712  6405 (0x00001905)
 - public static final 'GL_ALPHA' 'I' @716  6406 (0x00001906)
 - public static final 'GL_RGB' 'I' @720  6407 (0x00001907)
 - public static final 'GL_RGBA' 'I' @724  6408 (0x00001908)
 - public static final 'GL_POINT' 'I' @728  6912 (0x00001b00)
 - public static final 'GL_LINE' 'I' @732  6913 (0x00001b01)
 - public static final 'GL_FILL' 'I' @736  6914 (0x00001b02)
 - public static final 'GL_KEEP' 'I' @740  7680 (0x00001e00)
 - public static final 'GL_REPLACE' 'I' @744  7681 (0x00001e01)
 - public static final 'GL_INCR' 'I' @748  7682 (0x00001e02)
 - public static final 'GL_DECR' 'I' @752  7683 (0x00001e03)
 - public static final 'GL_VENDOR' 'I' @756  7936 (0x00001f00)
 - public static final 'GL_RENDERER' 'I' @760  7937 (0x00001f01)
 - public static final 'GL_VERSION' 'I' @764  7938 (0x00001f02)
 - public static final 'GL_EXTENSIONS' 'I' @768  7939 (0x00001f03)
 - public static final 'GL_NEAREST' 'I' @772  9728 (0x00002600)
 - public static final 'GL_LINEAR' 'I' @776  9729 (0x00002601)
 - public static final 'GL_NEAREST_MIPMAP_NEAREST' 'I' @780  9984 (0x00002700)
 - public static final 'GL_LINEAR_MIPMAP_NEAREST' 'I' @784  9985 (0x00002701)
 - public static final 'GL_NEAREST_MIPMAP_LINEAR' 'I' @788  9986 (0x00002702)
 - public static final 'GL_LINEAR_MIPMAP_LINEAR' 'I' @792  9987 (0x00002703)
 - public static final 'GL_TEXTURE_MAG_FILTER' 'I' @796  10240 (0x00002800)
 - public static final 'GL_TEXTURE_MIN_FILTER' 'I' @800  10241 (0x00002801)
 - public static final 'GL_TEXTURE_WRAP_S' 'I' @804  10242 (0x00002802)
 - public static final 'GL_TEXTURE_WRAP_T' 'I' @808  10243 (0x00002803)
 - public static final 'GL_REPEAT' 'I' @812  10497 (0x00002901)
 - public static final 'GL_POLYGON_OFFSET_FACTOR' 'I' @816  32824 (0x00008038)
 - public static final 'GL_POLYGON_OFFSET_UNITS' 'I' @820  10752 (0x00002a00)
 - public static final 'GL_POLYGON_OFFSET_POINT' 'I' @824  10753 (0x00002a01)
 - public static final 'GL_POLYGON_OFFSET_LINE' 'I' @828  10754 (0x00002a02)
 - public static final 'GL_POLYGON_OFFSET_FILL' 'I' @832  32823 (0x00008037)
 - public static final 'GL_R3_G3_B2' 'I' @836  10768 (0x00002a10)
 - public static final 'GL_RGB4' 'I' @840  32847 (0x0000804f)
 - public static final 'GL_RGB5' 'I' @844  32848 (0x00008050)
 - public static final 'GL_RGB8' 'I' @848  32849 (0x00008051)
 - public static final 'GL_RGB10' 'I' @852  32850 (0x00008052)
 - public static final 'GL_RGB12' 'I' @856  32851 (0x00008053)
 - public static final 'GL_RGB16' 'I' @860  32852 (0x00008054)
 - public static final 'GL_RGBA2' 'I' @864  32853 (0x00008055)
 - public static final 'GL_RGBA4' 'I' @868  32854 (0x00008056)
 - public static final 'GL_RGB5_A1' 'I' @872  32855 (0x00008057)
 - public static final 'GL_RGBA8' 'I' @876  32856 (0x00008058)
 - public static final 'GL_RGB10_A2' 'I' @880  32857 (0x00008059)
 - public static final 'GL_RGBA12' 'I' @884  32858 (0x0000805a)
 - public static final 'GL_RGBA16' 'I' @888  32859 (0x0000805b)
 - public static final 'GL_TEXTURE_RED_SIZE' 'I' @892  32860 (0x0000805c)
 - public static final 'GL_TEXTURE_GREEN_SIZE' 'I' @896  32861 (0x0000805d)
 - public static final 'GL_TEXTURE_BLUE_SIZE' 'I' @900  32862 (0x0000805e)
 - public static final 'GL_TEXTURE_ALPHA_SIZE' 'I' @904  32863 (0x0000805f)
 - public static final 'GL_PROXY_TEXTURE_1D' 'I' @908  32867 (0x00008063)
 - public static final 'GL_PROXY_TEXTURE_2D' 'I' @912  32868 (0x00008064)
 - public static final 'GL_TEXTURE_BINDING_1D' 'I' @916  32872 (0x00008068)
 - public static final 'GL_TEXTURE_BINDING_2D' 'I' @920  32873 (0x00008069)
 - public static final 'GL_VERTEX_ARRAY' 'I' @924  32884 (0x00008074)
R12=0x0 is NULL
R13={method} {0x0000026f6a94cf78} 'nglGenTextures' '(IJ)V' in 'org/lwjgl/opengl/GL11C'
R14=0x000000d3e77fee88 is pointing into the stack for thread: 0x0000026f4a4cf0a0
R15=0x0000026f4a4cf0a0 is a thread


Top of Stack: (sp=0x000000d3e77fedc8)
0x000000d3e77fedc8:   0000026f599f1ff3 0000000000000001
0x000000d3e77fedd8:   0000026f599f1cd9 0000026f6a94cf70
0x000000d3e77fede8:   0000026f6a580280 000000d3e77fee08
0x000000d3e77fedf8:   000000d3e77fee70 0000026f599edf59
0x000000d3e77fee08:   0000026f599f1c96 000000d3e77fee10
0x000000d3e77fee18:   0000026f6a94cf70 000000d3e77fee88
0x000000d3e77fee28:   0000026f6a959f08 0000000000000000
0x000000d3e77fee38:   00000007187f1ef8 0000026f6a94cf70
0x000000d3e77fee48:   0000000000000000 000000d3e77fee78
0x000000d3e77fee58:   000000d3e77feed8 0000026f599ede8a
0x000000d3e77fee68:   00000007187f1ef8 0000026f599ef897
0x000000d3e77fee78:   0000026f6e91e88c 0000000000000000
0x000000d3e77fee88:   0000000000000001 000000d3e77fee90
0x000000d3e77fee98:   0000026f6a94c504 000000d3e77fef08
0x000000d3e77feea8:   0000026f6a959f08 0000000000000000
0x000000d3e77feeb8:   00000007187f1ef8 0000026f6a94c570
0x000000d3e77feec8:   000000d3e77fee78 000000d3e77fef10
0x000000d3e77feed8:   000000d3e77fef58 0000026f599edf9e
0x000000d3e77feee8:   0000000000000000 0000000000000000
0x000000d3e77feef8:   00000007187fae08 0000000000010000
0x000000d3e77fef08:   0000000718b78910 000000d3e77fef10
0x000000d3e77fef18:   0000026f6a91b0a8 000000d3e77fef60
0x000000d3e77fef28:   0000026f6a940000 0000000000000000
0x000000d3e77fef38:   0000000718776ba0 0000026f6a91b0c0
0x000000d3e77fef48:   000000d3e77fef10 000000d3e77fef68
0x000000d3e77fef58:   000000d3e77fefb0 0000026f599edf9e
0x000000d3e77fef68:   000000d3e77fef68 0000026f6a8f5f15
0x000000d3e77fef78:   000000d3e77fefe8 0000026f6a8f4928
0x000000d3e77fef88:   0000000000000000 0000000718880290
0x000000d3e77fef98:   0000026f6a8f4800 000000d3e77fef68
0x000000d3e77fefa8:   000000d3e77fefe8 000000d3e77ff038
0x000000d3e77fefb8:   0000026f599edf9e 00000000ff2b3131 

Instructions: (pc=0x00007ffd4cefc75d)
0x00007ffd4cefc65d:   cc cc cc 48 8b 01 41 0f b6 c8 48 8b 50 18 48 ff
0x00007ffd4cefc66d:   a2 d0 01 00 00 cc cc cc cc cc cc cc cc cc cc cc
0x00007ffd4cefc67d:   cc cc cc 48 8b 01 0f 28 cb 0f 28 c2 48 8b 48 18
0x00007ffd4cefc68d:   48 ff a1 d8 01 00 00 cc cc cc cc cc cc cc cc cc
0x00007ffd4cefc69d:   cc cc cc 48 8b 01 45 8b d8 44 8b 44 24 28 41 8b
0x00007ffd4cefc6ad:   d1 41 8b cb 4c 8b 50 18 49 ff a2 e8 01 00 00 cc
0x00007ffd4cefc6bd:   cc cc cc 48 8b 01 41 8b c8 48 8b 50 18 48 ff a2
0x00007ffd4cefc6cd:   f0 01 00 00 cc cc cc cc cc cc cc cc cc cc cc cc
0x00007ffd4cefc6dd:   cc cc cc 40 53 48 8b 01 41 8b d8 44 8b 44 24 30
0x00007ffd4cefc6ed:   41 8b d1 4c 8b 4c 24 38 8b cb 4c 8b 50 18 5b 49
0x00007ffd4cefc6fd:   ff a2 f8 01 00 00 cc cc cc cc cc cc cc cc cc cc
0x00007ffd4cefc70d:   cc cc cc 48 8b 01 48 8b 48 18 48 ff a1 98 02 00
0x00007ffd4cefc71d:   00 cc cc 48 8b 01 48 8b 48 18 48 ff a1 a0 02 00
0x00007ffd4cefc72d:   00 cc cc 48 8b 01 41 8b c8 48 8b 50 18 48 ff a2
0x00007ffd4cefc73d:   c8 02 00 00 cc cc cc cc cc cc cc cc cc cc cc cc
0x00007ffd4cefc74d:   cc cc cc 48 8b 01 49 8b d1 41 8b c8 4c 8b 50 18
0x00007ffd4cefc75d:   49 ff a2 d8 02 00 00 cc cc cc cc cc cc cc cc cc
0x00007ffd4cefc76d:   cc cc cc 48 8b 01 49 8b d1 41 8b c8 4c 8b 50 18
0x00007ffd4cefc77d:   49 ff a2 e0 02 00 00 cc cc cc cc cc cc cc cc cc
0x00007ffd4cefc78d:   cc cc cc 48 8b 01 49 8b d1 41 8b c8 4c 8b 50 18
0x00007ffd4cefc79d:   49 ff a2 f0 02 00 00 cc cc cc cc cc cc cc cc cc
0x00007ffd4cefc7ad:   cc cc cc 48 8b 01 49 8b d1 41 8b c8 4c 8b 50 18
0x00007ffd4cefc7bd:   49 ff a2 f8 02 00 00 cc cc cc cc cc cc cc cc cc
0x00007ffd4cefc7cd:   cc cc cc 48 8b 01 49 8b d1 41 8b c8 4c 8b 50 18
0x00007ffd4cefc7dd:   49 ff a2 00 03 00 00 cc cc cc cc cc cc cc cc cc
0x00007ffd4cefc7ed:   cc cc cc 48 8b 01 49 8b d1 41 8b c8 4c 8b 50 18
0x00007ffd4cefc7fd:   49 ff a2 08 03 00 00 cc cc cc cc cc cc cc cc cc
0x00007ffd4cefc80d:   cc cc cc 48 8b 01 48 8b 48 18 48 8b 81 10 03 00
0x00007ffd4cefc81d:   00 48 ff e0 cc cc cc cc cc cc cc cc cc cc cc cc
0x00007ffd4cefc82d:   cc cc cc 48 8b 01 49 8b d1 41 8b c8 4c 8b 50 18
0x00007ffd4cefc83d:   49 ff a2 68 03 00 00 cc cc cc cc cc cc cc cc cc
0x00007ffd4cefc84d:   cc cc cc 48 8b 01 48 8b 48 18 48 8b 81 78 03 00 


Stack slot to memory mapping:
stack at sp + 0 slots: 0x0000026f599f1ff3 is at code_begin+1043 in an Interpreter codelet
method entry point (kind = native)  [0x0000026f599f1be0, 0x0000026f599f26d0]  2800 bytes
stack at sp + 1 slots: 0x0000000000000001 is an unknown value
stack at sp + 2 slots: 0x0000026f599f1cd9 is at code_begin+249 in an Interpreter codelet
method entry point (kind = native)  [0x0000026f599f1be0, 0x0000026f599f26d0]  2800 bytes
stack at sp + 3 slots: {method} {0x0000026f6a94cf78} 'nglGenTextures' '(IJ)V' in 'org/lwjgl/opengl/GL11C'
stack at sp + 4 slots: 0x0000026f6a580280 is pointing into metadata
stack at sp + 5 slots: 0x000000d3e77fee08 is pointing into the stack for thread: 0x0000026f4a4cf0a0
stack at sp + 6 slots: 0x000000d3e77fee70 is pointing into the stack for thread: 0x0000026f4a4cf0a0
stack at sp + 7 slots: 0x0000026f599edf59 is at code_begin+1305 in an Interpreter codelet
return entry points  [0x0000026f599eda40, 0x0000026f599ee508]  2760 bytes


---------------  P R O C E S S  ---------------

Threads class SMR info:
_java_thread_list=0x0000026f729db810, length=15, elements={
0x0000026f4a4cf0a0, 0x0000026f6a276530, 0x0000026f6a2798e0, 0x0000026f6a283750,
0x0000026f6a280cd0, 0x0000026f6a281220, 0x0000026f6a282cb0, 0x0000026f6a2939b0,
0x0000026f6a294c00, 0x0000026f6e4fdf90, 0x0000026f6e508330, 0x0000026f6a283ca0,
0x0000026f6a283200, 0x0000026f6a280780, 0x0000026f723b94a0
}

Java Threads: ( => current thread )
=>0x0000026f4a4cf0a0 JavaThread "main" [_thread_in_native, id=31112, stack(0x000000d3e7700000,0x000000d3e7800000)]
  0x0000026f6a276530 JavaThread "Reference Handler" daemon [_thread_blocked, id=31752, stack(0x000000d3e7e00000,0x000000d3e7f00000)]
  0x0000026f6a2798e0 JavaThread "Finalizer" daemon [_thread_blocked, id=42776, stack(0x000000d3e7f00000,0x000000d3e8000000)]
  0x0000026f6a283750 JavaThread "Signal Dispatcher" daemon [_thread_blocked, id=29456, stack(0x000000d3e8000000,0x000000d3e8100000)]
  0x0000026f6a280cd0 JavaThread "Attach Listener" daemon [_thread_blocked, id=42248, stack(0x000000d3e8100000,0x000000d3e8200000)]
  0x0000026f6a281220 JavaThread "Service Thread" daemon [_thread_blocked, id=408, stack(0x000000d3e8200000,0x000000d3e8300000)]
  0x0000026f6a282cb0 JavaThread "Monitor Deflation Thread" daemon [_thread_blocked, id=4592, stack(0x000000d3e8300000,0x000000d3e8400000)]
  0x0000026f6a2939b0 JavaThread "C2 CompilerThread0" daemon [_thread_blocked, id=45948, stack(0x000000d3e8400000,0x000000d3e8500000)]
  0x0000026f6a294c00 JavaThread "C1 CompilerThread0" daemon [_thread_blocked, id=35920, stack(0x000000d3e8500000,0x000000d3e8600000)]
  0x0000026f6e4fdf90 JavaThread "C1 CompilerThread1" daemon [_thread_blocked, id=39548, stack(0x000000d3e8600000,0x000000d3e8700000)]
  0x0000026f6e508330 JavaThread "C1 CompilerThread2" daemon [_thread_blocked, id=19728, stack(0x000000d3e8700000,0x000000d3e8800000)]
  0x0000026f6a283ca0 JavaThread "Notification Thread" daemon [_thread_blocked, id=33504, stack(0x000000d3e8800000,0x000000d3e8900000)]
  0x0000026f6a283200 JavaThread "Common-Cleaner" daemon [_thread_blocked, id=14628, stack(0x000000d3e8a00000,0x000000d3e8b00000)]
  0x0000026f6a280780 JavaThread "Java2D Disposer" daemon [_thread_blocked, id=23248, stack(0x000000d3e8b00000,0x000000d3e8c00000)]
  0x0000026f723b94a0 JavaThread "C2 CompilerThread1" daemon [_thread_blocked, id=32236, stack(0x000000d3e8f00000,0x000000d3e9000000)]

Other Threads:
  0x0000026f6a25c220 VMThread "VM Thread" [stack: 0x000000d3e7d00000,0x000000d3e7e00000] [id=37168]
  0x0000026f6e561990 WatcherThread "VM Periodic Task Thread" [stack: 0x000000d3e8900000,0x000000d3e8a00000] [id=45724]
  0x0000026f4a53f970 WorkerThread "GC Thread#0" [stack: 0x000000d3e7800000,0x000000d3e7900000] [id=46608]
  0x0000026f4a54ff00 ConcurrentGCThread "G1 Main Marker" [stack: 0x000000d3e7900000,0x000000d3e7a00000] [id=30116]
  0x0000026f4a551270 WorkerThread "G1 Conc#0" [stack: 0x000000d3e7a00000,0x000000d3e7b00000] [id=34268]
  0x0000026f4a58ec30 ConcurrentGCThread "G1 Refine#0" [stack: 0x000000d3e7b00000,0x000000d3e7c00000] [id=15596]
  0x0000026f6a119fc0 ConcurrentGCThread "G1 Service" [stack: 0x000000d3e7c00000,0x000000d3e7d00000] [id=20920]

Threads with active compile tasks:

VM state: not at safepoint (normal execution)

VM Mutex/Monitor currently owned by a thread: None

Heap address: 0x0000000709800000, size: 3944 MB, Compressed Oops mode: Zero based, Oop shift amount: 3

CDS archive(s) mapped at: [0x0000000800000000-0x0000000800c60000-0x0000000800c60000), size 12976128, SharedBaseAddress: 0x0000000800000000, ArchiveRelocationMode: 0.
Compressed class space mapped at: 0x0000000801000000-0x0000000841000000, reserved size: 1073741824
Narrow klass base: 0x0000000800000000, Narrow klass shift: 0, Narrow klass range: 0x100000000

GC Precious Log:
 CardTable entry size: 512
 Card Set container configuration: InlinePtr #cards 4 size 8 Array Of Cards #cards 16 size 48 Howl #buckets 8 coarsen threshold 3686 Howl Bitmap #cards 512 size 80 coarsen threshold 460 Card regions per heap region 1 cards per card region 4096
 CPUs: 16 total, 16 available
 Memory: 15775M
 Large Page Support: Disabled
 NUMA Support: Disabled
 Compressed Oops: Enabled (Zero based)
 Heap Region Size: 2M
 Heap Min Capacity: 8M
 Heap Initial Capacity: 248M
 Heap Max Capacity: 3944M
 Pre-touch: Disabled
 Parallel Workers: 13
 Concurrent Workers: 3
 Concurrent Refinement Workers: 13
 Periodic GC: Disabled

Heap:
 garbage-first heap   total 253952K, used 8192K [0x0000000709800000, 0x0000000800000000)
  region size 2048K, 5 young (10240K), 0 survivors (0K)
 Metaspace       used 6093K, committed 6336K, reserved 1114112K
  class space    used 498K, committed 640K, reserved 1048576K

Heap Regions: E=young(eden), S=young(survivor), O=old, HS=humongous(starts), HC=humongous(continues), CS=collection set, F=free, OA=open archive, CA=closed archive, TAMS=top-at-mark-start, PB=parsable bottom
|   0|0x0000000709800000, 0x0000000709800000, 0x0000000709a00000|  0%| F|  |TAMS 0x0000000709800000| PB 0x0000000709800000| Untracked 
|   1|0x0000000709a00000, 0x0000000709a00000, 0x0000000709c00000|  0%| F|  |TAMS 0x0000000709a00000| PB 0x0000000709a00000| Untracked 
|   2|0x0000000709c00000, 0x0000000709c00000, 0x0000000709e00000|  0%| F|  |TAMS 0x0000000709c00000| PB 0x0000000709c00000| Untracked 
|   3|0x0000000709e00000, 0x0000000709e00000, 0x000000070a000000|  0%| F|  |TAMS 0x0000000709e00000| PB 0x0000000709e00000| Untracked 
|   4|0x000000070a000000, 0x000000070a000000, 0x000000070a200000|  0%| F|  |TAMS 0x000000070a000000| PB 0x000000070a000000| Untracked 
|   5|0x000000070a200000, 0x000000070a200000, 0x000000070a400000|  0%| F|  |TAMS 0x000000070a200000| PB 0x000000070a200000| Untracked 
|   6|0x000000070a400000, 0x000000070a400000, 0x000000070a600000|  0%| F|  |TAMS 0x000000070a400000| PB 0x000000070a400000| Untracked 
|   7|0x000000070a600000, 0x000000070a600000, 0x000000070a800000|  0%| F|  |TAMS 0x000000070a600000| PB 0x000000070a600000| Untracked 
|   8|0x000000070a800000, 0x000000070a800000, 0x000000070aa00000|  0%| F|  |TAMS 0x000000070a800000| PB 0x000000070a800000| Untracked 
|   9|0x000000070aa00000, 0x000000070aa00000, 0x000000070ac00000|  0%| F|  |TAMS 0x000000070aa00000| PB 0x000000070aa00000| Untracked 
|  10|0x000000070ac00000, 0x000000070ac00000, 0x000000070ae00000|  0%| F|  |TAMS 0x000000070ac00000| PB 0x000000070ac00000| Untracked 
|  11|0x000000070ae00000, 0x000000070ae00000, 0x000000070b000000|  0%| F|  |TAMS 0x000000070ae00000| PB 0x000000070ae00000| Untracked 
|  12|0x000000070b000000, 0x000000070b000000, 0x000000070b200000|  0%| F|  |TAMS 0x000000070b000000| PB 0x000000070b000000| Untracked 
|  13|0x000000070b200000, 0x000000070b200000, 0x000000070b400000|  0%| F|  |TAMS 0x000000070b200000| PB 0x000000070b200000| Untracked 
|  14|0x000000070b400000, 0x000000070b400000, 0x000000070b600000|  0%| F|  |TAMS 0x000000070b400000| PB 0x000000070b400000| Untracked 
|  15|0x000000070b600000, 0x000000070b600000, 0x000000070b800000|  0%| F|  |TAMS 0x000000070b600000| PB 0x000000070b600000| Untracked 
|  16|0x000000070b800000, 0x000000070b800000, 0x000000070ba00000|  0%| F|  |TAMS 0x000000070b800000| PB 0x000000070b800000| Untracked 
|  17|0x000000070ba00000, 0x000000070ba00000, 0x000000070bc00000|  0%| F|  |TAMS 0x000000070ba00000| PB 0x000000070ba00000| Untracked 
|  18|0x000000070bc00000, 0x000000070bc00000, 0x000000070be00000|  0%| F|  |TAMS 0x000000070bc00000| PB 0x000000070bc00000| Untracked 
|  19|0x000000070be00000, 0x000000070be00000, 0x000000070c000000|  0%| F|  |TAMS 0x000000070be00000| PB 0x000000070be00000| Untracked 
|  20|0x000000070c000000, 0x000000070c000000, 0x000000070c200000|  0%| F|  |TAMS 0x000000070c000000| PB 0x000000070c000000| Untracked 
|  21|0x000000070c200000, 0x000000070c200000, 0x000000070c400000|  0%| F|  |TAMS 0x000000070c200000| PB 0x000000070c200000| Untracked 
|  22|0x000000070c400000, 0x000000070c400000, 0x000000070c600000|  0%| F|  |TAMS 0x000000070c400000| PB 0x000000070c400000| Untracked 
|  23|0x000000070c600000, 0x000000070c600000, 0x000000070c800000|  0%| F|  |TAMS 0x000000070c600000| PB 0x000000070c600000| Untracked 
|  24|0x000000070c800000, 0x000000070c800000, 0x000000070ca00000|  0%| F|  |TAMS 0x000000070c800000| PB 0x000000070c800000| Untracked 
|  25|0x000000070ca00000, 0x000000070ca00000, 0x000000070cc00000|  0%| F|  |TAMS 0x000000070ca00000| PB 0x000000070ca00000| Untracked 
|  26|0x000000070cc00000, 0x000000070cc00000, 0x000000070ce00000|  0%| F|  |TAMS 0x000000070cc00000| PB 0x000000070cc00000| Untracked 
|  27|0x000000070ce00000, 0x000000070ce00000, 0x000000070d000000|  0%| F|  |TAMS 0x000000070ce00000| PB 0x000000070ce00000| Untracked 
|  28|0x000000070d000000, 0x000000070d000000, 0x000000070d200000|  0%| F|  |TAMS 0x000000070d000000| PB 0x000000070d000000| Untracked 
|  29|0x000000070d200000, 0x000000070d200000, 0x000000070d400000|  0%| F|  |TAMS 0x000000070d200000| PB 0x000000070d200000| Untracked 
|  30|0x000000070d400000, 0x000000070d400000, 0x000000070d600000|  0%| F|  |TAMS 0x000000070d400000| PB 0x000000070d400000| Untracked 
|  31|0x000000070d600000, 0x000000070d600000, 0x000000070d800000|  0%| F|  |TAMS 0x000000070d600000| PB 0x000000070d600000| Untracked 
|  32|0x000000070d800000, 0x000000070d800000, 0x000000070da00000|  0%| F|  |TAMS 0x000000070d800000| PB 0x000000070d800000| Untracked 
|  33|0x000000070da00000, 0x000000070da00000, 0x000000070dc00000|  0%| F|  |TAMS 0x000000070da00000| PB 0x000000070da00000| Untracked 
|  34|0x000000070dc00000, 0x000000070dc00000, 0x000000070de00000|  0%| F|  |TAMS 0x000000070dc00000| PB 0x000000070dc00000| Untracked 
|  35|0x000000070de00000, 0x000000070de00000, 0x000000070e000000|  0%| F|  |TAMS 0x000000070de00000| PB 0x000000070de00000| Untracked 
|  36|0x000000070e000000, 0x000000070e000000, 0x000000070e200000|  0%| F|  |TAMS 0x000000070e000000| PB 0x000000070e000000| Untracked 
|  37|0x000000070e200000, 0x000000070e200000, 0x000000070e400000|  0%| F|  |TAMS 0x000000070e200000| PB 0x000000070e200000| Untracked 
|  38|0x000000070e400000, 0x000000070e400000, 0x000000070e600000|  0%| F|  |TAMS 0x000000070e400000| PB 0x000000070e400000| Untracked 
|  39|0x000000070e600000, 0x000000070e600000, 0x000000070e800000|  0%| F|  |TAMS 0x000000070e600000| PB 0x000000070e600000| Untracked 
|  40|0x000000070e800000, 0x000000070e800000, 0x000000070ea00000|  0%| F|  |TAMS 0x000000070e800000| PB 0x000000070e800000| Untracked 
|  41|0x000000070ea00000, 0x000000070ea00000, 0x000000070ec00000|  0%| F|  |TAMS 0x000000070ea00000| PB 0x000000070ea00000| Untracked 
|  42|0x000000070ec00000, 0x000000070ec00000, 0x000000070ee00000|  0%| F|  |TAMS 0x000000070ec00000| PB 0x000000070ec00000| Untracked 
|  43|0x000000070ee00000, 0x000000070ee00000, 0x000000070f000000|  0%| F|  |TAMS 0x000000070ee00000| PB 0x000000070ee00000| Untracked 
|  44|0x000000070f000000, 0x000000070f000000, 0x000000070f200000|  0%| F|  |TAMS 0x000000070f000000| PB 0x000000070f000000| Untracked 
|  45|0x000000070f200000, 0x000000070f200000, 0x000000070f400000|  0%| F|  |TAMS 0x000000070f200000| PB 0x000000070f200000| Untracked 
|  46|0x000000070f400000, 0x000000070f400000, 0x000000070f600000|  0%| F|  |TAMS 0x000000070f400000| PB 0x000000070f400000| Untracked 
|  47|0x000000070f600000, 0x000000070f600000, 0x000000070f800000|  0%| F|  |TAMS 0x000000070f600000| PB 0x000000070f600000| Untracked 
|  48|0x000000070f800000, 0x000000070f800000, 0x000000070fa00000|  0%| F|  |TAMS 0x000000070f800000| PB 0x000000070f800000| Untracked 
|  49|0x000000070fa00000, 0x000000070fa00000, 0x000000070fc00000|  0%| F|  |TAMS 0x000000070fa00000| PB 0x000000070fa00000| Untracked 
|  50|0x000000070fc00000, 0x000000070fc00000, 0x000000070fe00000|  0%| F|  |TAMS 0x000000070fc00000| PB 0x000000070fc00000| Untracked 
|  51|0x000000070fe00000, 0x000000070fe00000, 0x0000000710000000|  0%| F|  |TAMS 0x000000070fe00000| PB 0x000000070fe00000| Untracked 
|  52|0x0000000710000000, 0x0000000710000000, 0x0000000710200000|  0%| F|  |TAMS 0x0000000710000000| PB 0x0000000710000000| Untracked 
|  53|0x0000000710200000, 0x0000000710200000, 0x0000000710400000|  0%| F|  |TAMS 0x0000000710200000| PB 0x0000000710200000| Untracked 
|  54|0x0000000710400000, 0x0000000710400000, 0x0000000710600000|  0%| F|  |TAMS 0x0000000710400000| PB 0x0000000710400000| Untracked 
|  55|0x0000000710600000, 0x0000000710600000, 0x0000000710800000|  0%| F|  |TAMS 0x0000000710600000| PB 0x0000000710600000| Untracked 
|  56|0x0000000710800000, 0x0000000710800000, 0x0000000710a00000|  0%| F|  |TAMS 0x0000000710800000| PB 0x0000000710800000| Untracked 
|  57|0x0000000710a00000, 0x0000000710a00000, 0x0000000710c00000|  0%| F|  |TAMS 0x0000000710a00000| PB 0x0000000710a00000| Untracked 
|  58|0x0000000710c00000, 0x0000000710c00000, 0x0000000710e00000|  0%| F|  |TAMS 0x0000000710c00000| PB 0x0000000710c00000| Untracked 
|  59|0x0000000710e00000, 0x0000000710e00000, 0x0000000711000000|  0%| F|  |TAMS 0x0000000710e00000| PB 0x0000000710e00000| Untracked 
|  60|0x0000000711000000, 0x0000000711000000, 0x0000000711200000|  0%| F|  |TAMS 0x0000000711000000| PB 0x0000000711000000| Untracked 
|  61|0x0000000711200000, 0x0000000711200000, 0x0000000711400000|  0%| F|  |TAMS 0x0000000711200000| PB 0x0000000711200000| Untracked 
|  62|0x0000000711400000, 0x0000000711400000, 0x0000000711600000|  0%| F|  |TAMS 0x0000000711400000| PB 0x0000000711400000| Untracked 
|  63|0x0000000711600000, 0x0000000711600000, 0x0000000711800000|  0%| F|  |TAMS 0x0000000711600000| PB 0x0000000711600000| Untracked 
|  64|0x0000000711800000, 0x0000000711800000, 0x0000000711a00000|  0%| F|  |TAMS 0x0000000711800000| PB 0x0000000711800000| Untracked 
|  65|0x0000000711a00000, 0x0000000711a00000, 0x0000000711c00000|  0%| F|  |TAMS 0x0000000711a00000| PB 0x0000000711a00000| Untracked 
|  66|0x0000000711c00000, 0x0000000711c00000, 0x0000000711e00000|  0%| F|  |TAMS 0x0000000711c00000| PB 0x0000000711c00000| Untracked 
|  67|0x0000000711e00000, 0x0000000711e00000, 0x0000000712000000|  0%| F|  |TAMS 0x0000000711e00000| PB 0x0000000711e00000| Untracked 
|  68|0x0000000712000000, 0x0000000712000000, 0x0000000712200000|  0%| F|  |TAMS 0x0000000712000000| PB 0x0000000712000000| Untracked 
|  69|0x0000000712200000, 0x0000000712200000, 0x0000000712400000|  0%| F|  |TAMS 0x0000000712200000| PB 0x0000000712200000| Untracked 
|  70|0x0000000712400000, 0x0000000712400000, 0x0000000712600000|  0%| F|  |TAMS 0x0000000712400000| PB 0x0000000712400000| Untracked 
|  71|0x0000000712600000, 0x0000000712600000, 0x0000000712800000|  0%| F|  |TAMS 0x0000000712600000| PB 0x0000000712600000| Untracked 
|  72|0x0000000712800000, 0x0000000712800000, 0x0000000712a00000|  0%| F|  |TAMS 0x0000000712800000| PB 0x0000000712800000| Untracked 
|  73|0x0000000712a00000, 0x0000000712a00000, 0x0000000712c00000|  0%| F|  |TAMS 0x0000000712a00000| PB 0x0000000712a00000| Untracked 
|  74|0x0000000712c00000, 0x0000000712c00000, 0x0000000712e00000|  0%| F|  |TAMS 0x0000000712c00000| PB 0x0000000712c00000| Untracked 
|  75|0x0000000712e00000, 0x0000000712e00000, 0x0000000713000000|  0%| F|  |TAMS 0x0000000712e00000| PB 0x0000000712e00000| Untracked 
|  76|0x0000000713000000, 0x0000000713000000, 0x0000000713200000|  0%| F|  |TAMS 0x0000000713000000| PB 0x0000000713000000| Untracked 
|  77|0x0000000713200000, 0x0000000713200000, 0x0000000713400000|  0%| F|  |TAMS 0x0000000713200000| PB 0x0000000713200000| Untracked 
|  78|0x0000000713400000, 0x0000000713400000, 0x0000000713600000|  0%| F|  |TAMS 0x0000000713400000| PB 0x0000000713400000| Untracked 
|  79|0x0000000713600000, 0x0000000713600000, 0x0000000713800000|  0%| F|  |TAMS 0x0000000713600000| PB 0x0000000713600000| Untracked 
|  80|0x0000000713800000, 0x0000000713800000, 0x0000000713a00000|  0%| F|  |TAMS 0x0000000713800000| PB 0x0000000713800000| Untracked 
|  81|0x0000000713a00000, 0x0000000713a00000, 0x0000000713c00000|  0%| F|  |TAMS 0x0000000713a00000| PB 0x0000000713a00000| Untracked 
|  82|0x0000000713c00000, 0x0000000713c00000, 0x0000000713e00000|  0%| F|  |TAMS 0x0000000713c00000| PB 0x0000000713c00000| Untracked 
|  83|0x0000000713e00000, 0x0000000713e00000, 0x0000000714000000|  0%| F|  |TAMS 0x0000000713e00000| PB 0x0000000713e00000| Untracked 
|  84|0x0000000714000000, 0x0000000714000000, 0x0000000714200000|  0%| F|  |TAMS 0x0000000714000000| PB 0x0000000714000000| Untracked 
|  85|0x0000000714200000, 0x0000000714200000, 0x0000000714400000|  0%| F|  |TAMS 0x0000000714200000| PB 0x0000000714200000| Untracked 
|  86|0x0000000714400000, 0x0000000714400000, 0x0000000714600000|  0%| F|  |TAMS 0x0000000714400000| PB 0x0000000714400000| Untracked 
|  87|0x0000000714600000, 0x0000000714600000, 0x0000000714800000|  0%| F|  |TAMS 0x0000000714600000| PB 0x0000000714600000| Untracked 
|  88|0x0000000714800000, 0x0000000714800000, 0x0000000714a00000|  0%| F|  |TAMS 0x0000000714800000| PB 0x0000000714800000| Untracked 
|  89|0x0000000714a00000, 0x0000000714a00000, 0x0000000714c00000|  0%| F|  |TAMS 0x0000000714a00000| PB 0x0000000714a00000| Untracked 
|  90|0x0000000714c00000, 0x0000000714c00000, 0x0000000714e00000|  0%| F|  |TAMS 0x0000000714c00000| PB 0x0000000714c00000| Untracked 
|  91|0x0000000714e00000, 0x0000000714e00000, 0x0000000715000000|  0%| F|  |TAMS 0x0000000714e00000| PB 0x0000000714e00000| Untracked 
|  92|0x0000000715000000, 0x0000000715000000, 0x0000000715200000|  0%| F|  |TAMS 0x0000000715000000| PB 0x0000000715000000| Untracked 
|  93|0x0000000715200000, 0x0000000715200000, 0x0000000715400000|  0%| F|  |TAMS 0x0000000715200000| PB 0x0000000715200000| Untracked 
|  94|0x0000000715400000, 0x0000000715400000, 0x0000000715600000|  0%| F|  |TAMS 0x0000000715400000| PB 0x0000000715400000| Untracked 
|  95|0x0000000715600000, 0x0000000715600000, 0x0000000715800000|  0%| F|  |TAMS 0x0000000715600000| PB 0x0000000715600000| Untracked 
|  96|0x0000000715800000, 0x0000000715800000, 0x0000000715a00000|  0%| F|  |TAMS 0x0000000715800000| PB 0x0000000715800000| Untracked 
|  97|0x0000000715a00000, 0x0000000715a00000, 0x0000000715c00000|  0%| F|  |TAMS 0x0000000715a00000| PB 0x0000000715a00000| Untracked 
|  98|0x0000000715c00000, 0x0000000715c00000, 0x0000000715e00000|  0%| F|  |TAMS 0x0000000715c00000| PB 0x0000000715c00000| Untracked 
|  99|0x0000000715e00000, 0x0000000715e00000, 0x0000000716000000|  0%| F|  |TAMS 0x0000000715e00000| PB 0x0000000715e00000| Untracked 
| 100|0x0000000716000000, 0x0000000716000000, 0x0000000716200000|  0%| F|  |TAMS 0x0000000716000000| PB 0x0000000716000000| Untracked 
| 101|0x0000000716200000, 0x0000000716200000, 0x0000000716400000|  0%| F|  |TAMS 0x0000000716200000| PB 0x0000000716200000| Untracked 
| 102|0x0000000716400000, 0x0000000716400000, 0x0000000716600000|  0%| F|  |TAMS 0x0000000716400000| PB 0x0000000716400000| Untracked 
| 103|0x0000000716600000, 0x0000000716600000, 0x0000000716800000|  0%| F|  |TAMS 0x0000000716600000| PB 0x0000000716600000| Untracked 
| 104|0x0000000716800000, 0x0000000716800000, 0x0000000716a00000|  0%| F|  |TAMS 0x0000000716800000| PB 0x0000000716800000| Untracked 
| 105|0x0000000716a00000, 0x0000000716a00000, 0x0000000716c00000|  0%| F|  |TAMS 0x0000000716a00000| PB 0x0000000716a00000| Untracked 
| 106|0x0000000716c00000, 0x0000000716c00000, 0x0000000716e00000|  0%| F|  |TAMS 0x0000000716c00000| PB 0x0000000716c00000| Untracked 
| 107|0x0000000716e00000, 0x0000000716e00000, 0x0000000717000000|  0%| F|  |TAMS 0x0000000716e00000| PB 0x0000000716e00000| Untracked 
| 108|0x0000000717000000, 0x0000000717000000, 0x0000000717200000|  0%| F|  |TAMS 0x0000000717000000| PB 0x0000000717000000| Untracked 
| 109|0x0000000717200000, 0x0000000717200000, 0x0000000717400000|  0%| F|  |TAMS 0x0000000717200000| PB 0x0000000717200000| Untracked 
| 110|0x0000000717400000, 0x0000000717400000, 0x0000000717600000|  0%| F|  |TAMS 0x0000000717400000| PB 0x0000000717400000| Untracked 
| 111|0x0000000717600000, 0x0000000717600000, 0x0000000717800000|  0%| F|  |TAMS 0x0000000717600000| PB 0x0000000717600000| Untracked 
| 112|0x0000000717800000, 0x0000000717800000, 0x0000000717a00000|  0%| F|  |TAMS 0x0000000717800000| PB 0x0000000717800000| Untracked 
| 113|0x0000000717a00000, 0x0000000717a00000, 0x0000000717c00000|  0%| F|  |TAMS 0x0000000717a00000| PB 0x0000000717a00000| Untracked 
| 114|0x0000000717c00000, 0x0000000717c00000, 0x0000000717e00000|  0%| F|  |TAMS 0x0000000717c00000| PB 0x0000000717c00000| Untracked 
| 115|0x0000000717e00000, 0x0000000717e00000, 0x0000000718000000|  0%| F|  |TAMS 0x0000000717e00000| PB 0x0000000717e00000| Untracked 
| 116|0x0000000718000000, 0x0000000718000000, 0x0000000718200000|  0%| F|  |TAMS 0x0000000718000000| PB 0x0000000718000000| Untracked 
| 117|0x0000000718200000, 0x0000000718200000, 0x0000000718400000|  0%| F|  |TAMS 0x0000000718200000| PB 0x0000000718200000| Untracked 
| 118|0x0000000718400000, 0x0000000718400000, 0x0000000718600000|  0%| F|  |TAMS 0x0000000718400000| PB 0x0000000718400000| Untracked 
| 119|0x0000000718600000, 0x0000000718800000, 0x0000000718800000|100%| E|  |TAMS 0x0000000718600000| PB 0x0000000718600000| Complete 
| 120|0x0000000718800000, 0x0000000718a00000, 0x0000000718a00000|100%| E|CS|TAMS 0x0000000718800000| PB 0x0000000718800000| Complete 
| 121|0x0000000718a00000, 0x0000000718c00000, 0x0000000718c00000|100%| E|CS|TAMS 0x0000000718a00000| PB 0x0000000718a00000| Complete 
| 122|0x0000000718c00000, 0x0000000718e00000, 0x0000000718e00000|100%| E|CS|TAMS 0x0000000718c00000| PB 0x0000000718c00000| Complete 
| 123|0x0000000718e00000, 0x0000000719000000, 0x0000000719000000|100%| E|CS|TAMS 0x0000000718e00000| PB 0x0000000718e00000| Complete 

Card table byte_map: [0x0000026f625c0000,0x0000026f62d80000] _byte_map_base: 0x0000026f5ed74000

Marking Bits: (CMBitMap*) 0x0000026f4a53ffa0
 Bits: [0x0000026f63540000, 0x0000026f672e0000)

Polling page: 0x0000026f48460000

Metaspace:

Usage:
  Non-class:      5.46 MB used.
      Class:    498.81 KB used.
       Both:      5.95 MB used.

Virtual space:
  Non-class space:       64.00 MB reserved,       5.56 MB (  9%) committed,  1 nodes.
      Class space:        1.00 GB reserved,     640.00 KB ( <1%) committed,  1 nodes.
             Both:        1.06 GB reserved,       6.19 MB ( <1%) committed. 

Chunk freelists:
   Non-Class:  2.12 MB
       Class:  3.23 MB
        Both:  5.36 MB

MaxMetaspaceSize: unlimited
CompressedClassSpaceSize: 1.00 GB
Initial GC threshold: 21.00 MB
Current GC threshold: 21.00 MB
CDS: on
MetaspaceReclaimPolicy: balanced
 - commit_granule_bytes: 65536.
 - commit_granule_words: 8192.
 - virtual_space_node_default_size: 8388608.
 - enlarge_chunks_in_place: 1.
 - new_chunks_are_fully_committed: 0.
 - uncommit_free_chunks: 1.
 - use_allocation_guard: 0.


Internal statistics:

num_allocs_failed_limit: 0.
num_arena_births: 140.
num_arena_deaths: 0.
num_vsnodes_births: 2.
num_vsnodes_deaths: 0.
num_space_committed: 99.
num_space_uncommitted: 0.
num_chunks_returned_to_freelist: 0.
num_chunks_taken_from_freelist: 245.
num_chunk_merges: 0.
num_chunk_splits: 144.
num_chunks_enlarged: 73.
num_inconsistent_stats: 0.

CodeHeap 'non-profiled nmethods': size=119168Kb used=245Kb max_used=245Kb free=118922Kb
 bounds [0x0000026f5a120000, 0x0000026f5a390000, 0x0000026f61580000]
CodeHeap 'profiled nmethods': size=119104Kb used=1271Kb max_used=1271Kb free=117832Kb
 bounds [0x0000026f52580000, 0x0000026f527f0000, 0x0000026f599d0000]
CodeHeap 'non-nmethods': size=7488Kb used=3365Kb max_used=3395Kb free=4122Kb
 bounds [0x0000026f599d0000, 0x0000026f59d30000, 0x0000026f5a120000]
 total_blobs=1986 nmethods=845 adapters=1050
 compilation: enabled
              stopped_count=0, restarted_count=0
 full_count=0

Compilation events (20 events):
Event: 0.543 Thread 0x0000026f6e508330  835       3       java.lang.StringBuilder::append (10 bytes)
Event: 0.543 Thread 0x0000026f6e4fdf90  836       3       java.lang.AbstractStringBuilder::append (67 bytes)
Event: 0.543 Thread 0x0000026f6a294c00  837       3       java.lang.AbstractStringBuilder::appendChars (207 bytes)
Event: 0.544 Thread 0x0000026f6e508330 nmethod 835 0x0000026f526ba810 code [0x0000026f526ba9a0, 0x0000026f526baae8]
Event: 0.544 Thread 0x0000026f723b94a0 nmethod 834 0x0000026f5a15bb90 code [0x0000026f5a15bd00, 0x0000026f5a15bd90]
Event: 0.544 Thread 0x0000026f6e4fdf90 nmethod 836 0x0000026f526bab90 code [0x0000026f526bad80, 0x0000026f526bb410]
Event: 0.544 Thread 0x0000026f723b94a0  838       4       java.lang.StringLatin1::replace (198 bytes)
Event: 0.544 Thread 0x0000026f6e4fdf90  840       3       sun.misc.Unsafe::putLong (11 bytes)
Event: 0.544 Thread 0x0000026f6e508330  841       3       org.lwjgl.system.MemoryUtil::memPutAddress (29 bytes)
Event: 0.544 Thread 0x0000026f6e4fdf90 nmethod 840 0x0000026f526bb610 code [0x0000026f526bb7a0, 0x0000026f526bb8b0]
Event: 0.544 Thread 0x0000026f6a2939b0  842       4       java.lang.Integer::toUnsignedLong (7 bytes)
Event: 0.544 Thread 0x0000026f6a294c00 nmethod 837 0x0000026f526bb990 code [0x0000026f526bbc20, 0x0000026f526bcbf0]
Event: 0.544 Thread 0x0000026f6e508330 nmethod 841 0x0000026f526bd110 code [0x0000026f526bd2a0, 0x0000026f526bd498]
Event: 0.545 Thread 0x0000026f6a2939b0 nmethod 842 0x0000026f5a15c290 code [0x0000026f5a15c400, 0x0000026f5a15c468]
Event: 0.545 Thread 0x0000026f6a2939b0  843       4       sun.misc.Unsafe::putLong (11 bytes)
Event: 0.545 Thread 0x0000026f6e508330  844       1       java.lang.NamedPackage::module (5 bytes)
Event: 0.545 Thread 0x0000026f6e508330 nmethod 844 0x0000026f5a15c590 code [0x0000026f5a15c700, 0x0000026f5a15c7d0]
Event: 0.545 Thread 0x0000026f6a2939b0 nmethod 843 0x0000026f5a15c890 code [0x0000026f5a15ca00, 0x0000026f5a15caa8]
Event: 0.546 Thread 0x0000026f6e508330  845       3       java.lang.String::<init> (74 bytes)
Event: 0.546 Thread 0x0000026f6e508330 nmethod 845 0x0000026f526bd590 code [0x0000026f526bd760, 0x0000026f526bdb78]

GC Heap History (0 events):
No events

Dll operation events (10 events):
Event: 0.005 Loaded shared library C:\Program Files\Java\jdk-20\bin\java.dll
Event: 0.011 Loaded shared library C:\Program Files\Java\jdk-20\bin\jsvml.dll
Event: 0.042 Loaded shared library C:\Program Files\Java\jdk-20\bin\net.dll
Event: 0.043 Loaded shared library C:\Program Files\Java\jdk-20\bin\nio.dll
Event: 0.046 Loaded shared library C:\Program Files\Java\jdk-20\bin\zip.dll
Event: 0.083 Loaded shared library C:\Program Files\Java\jdk-20\bin\jimage.dll
Event: 0.100 Loaded shared library C:\Users\Denni\AppData\Local\Temp\lwjgl_Denni\3.3.3+5\x64\lwjgl.dll
Event: 0.429 Loaded shared library C:\Program Files\Java\jdk-20\bin\awt.dll
Event: 0.488 Loaded shared library C:\Program Files\Java\jdk-20\bin\javajpeg.dll
Event: 0.541 Loaded shared library C:\Users\Denni\AppData\Local\Temp\lwjgl_Denni\3.3.3+5\x64\lwjgl_opengl.dll

Deoptimization events (6 events):
Event: 0.161 Thread 0x0000026f4a4cf0a0 DEOPT PACKING pc=0x0000026f525989d7 sp=0x000000d3e77fdb60
Event: 0.161 Thread 0x0000026f4a4cf0a0 DEOPT UNPACKING pc=0x0000026f59a3a4c2 sp=0x000000d3e77fcf80 mode 0
Event: 0.546 Thread 0x0000026f4a4cf0a0 Uncommon trap: trap_request=0xffffff54 fr.pc=0x0000026f5a15ca70 relative=0x0000000000000070
Event: 0.546 Thread 0x0000026f4a4cf0a0 Uncommon trap: reason=speculate_null_assert action=make_not_entrant pc=0x0000026f5a15ca70 method=sun.misc.Unsafe.putLong(Ljava/lang/Object;JJ)V @ 7 c2
Event: 0.546 Thread 0x0000026f4a4cf0a0 DEOPT PACKING pc=0x0000026f5a15ca70 sp=0x000000d3e77fed20
Event: 0.546 Thread 0x0000026f4a4cf0a0 DEOPT UNPACKING pc=0x0000026f59a39d22 sp=0x000000d3e77fec98 mode 2

Classes loaded (20 events):
Event: 0.518 Loading class sun/java2d/loops/Blit$GeneralMaskBlit
Event: 0.518 Loading class sun/java2d/loops/Blit$GeneralMaskBlit done
Event: 0.518 Loading class sun/awt/image/BufferedImageGraphicsConfig
Event: 0.518 Loading class java/awt/GraphicsConfiguration
Event: 0.519 Loading class java/awt/GraphicsConfiguration done
Event: 0.519 Loading class sun/awt/image/BufferedImageGraphicsConfig done
Event: 0.519 Loading class sun/awt/image/BufferedImageDevice
Event: 0.519 Loading class java/awt/GraphicsDevice
Event: 0.519 Loading class java/awt/GraphicsDevice done
Event: 0.519 Loading class sun/awt/image/BufferedImageDevice done
Event: 0.519 Loading class java/awt/image/MultiResolutionImage
Event: 0.519 Loading class java/awt/image/MultiResolutionImage done
Event: 0.519 Loading class sun/awt/image/ToolkitImage
Event: 0.519 Loading class sun/awt/image/ToolkitImage done
Event: 0.524 Loading class jdk/internal/foreign/MemorySessionImpl
Event: 0.525 Loading class java/lang/foreign/SegmentScope
Event: 0.525 Loading class java/lang/foreign/SegmentScope done
Event: 0.525 Loading class java/lang/foreign/SegmentAllocator
Event: 0.525 Loading class java/lang/foreign/SegmentAllocator done
Event: 0.525 Loading class jdk/internal/foreign/MemorySessionImpl done

Classes unloaded (0 events):
No events

Classes redefined (0 events):
No events

Internal exceptions (20 events):
Event: 0.137 Thread 0x0000026f4a4cf0a0 Exception <a 'java/lang/NoSuchMethodError'{0x0000000718b47070}: 'int java.lang.invoke.DirectMethodHandle$Holder.invokeStaticInit(java.lang.Object, java.lang.Object, int, long)'> (0x0000000718b47070) 
thrown [s\open\src\hotspot\share\interpreter\linkResolver.cpp, line 773]
Event: 0.137 Thread 0x0000026f4a4cf0a0 Exception <a 'java/lang/NoSuchMethodError'{0x0000000718b4c670}: 'java.lang.Object java.lang.invoke.DirectMethodHandle$Holder.newInvokeSpecial(java.lang.Object, java.lang.Object, int)'> (0x0000000718b4c670) 
thrown [s\open\src\hotspot\share\interpreter\linkResolver.cpp, line 773]
Event: 0.139 Thread 0x0000026f4a4cf0a0 Exception <a 'java/lang/NoSuchMethodError'{0x0000000718b5abc0}: 'int java.lang.invoke.DirectMethodHandle$Holder.invokeStaticInit(java.lang.Object, java.lang.Object, long, long)'> (0x0000000718b5abc0) 
thrown [s\open\src\hotspot\share\interpreter\linkResolver.cpp, line 773]
Event: 0.140 Thread 0x0000026f4a4cf0a0 Exception <a 'java/lang/NoSuchMethodError'{0x0000000718b60a08}: 'java.lang.Object java.lang.invoke.DirectMethodHandle$Holder.newInvokeSpecial(java.lang.Object, java.lang.Object, long)'> (0x0000000718b60a08) 
thrown [s\open\src\hotspot\share\interpreter\linkResolver.cpp, line 773]
Event: 0.140 Thread 0x0000026f4a4cf0a0 Exception <a 'java/lang/NoSuchMethodError'{0x0000000718b647c0}: 'java.lang.Object java.lang.invoke.Invokers$Holder.linkToTargetMethod(java.lang.Object, long, java.lang.Object)'> (0x0000000718b647c0) 
thrown [s\open\src\hotspot\share\interpreter\linkResolver.cpp, line 773]
Event: 0.141 Thread 0x0000026f4a4cf0a0 Exception <a 'java/lang/NoSuchMethodError'{0x0000000718b6b830}: 'int java.lang.invoke.DirectMethodHandle$Holder.invokeStaticInit(java.lang.Object, java.lang.Object, java.lang.Object, long)'> (0x0000000718b6b830) 
thrown [s\open\src\hotspot\share\interpreter\linkResolver.cpp, line 773]
Event: 0.157 Thread 0x0000026f4a4cf0a0 Exception <a 'sun/nio/fs/WindowsException'{0x000000071880a580}> (0x000000071880a580) 
thrown [s\open\src\hotspot\share\prims\jni.cpp, line 519]
Event: 0.157 Thread 0x0000026f4a4cf0a0 Exception <a 'sun/nio/fs/WindowsException'{0x000000071880a8e0}> (0x000000071880a8e0) 
thrown [s\open\src\hotspot\share\prims\jni.cpp, line 519]
Event: 0.163 Thread 0x0000026f4a4cf0a0 Exception <a 'java/lang/NoSuchMethodError'{0x00000007188204b8}: 'int java.lang.invoke.Invokers$Holder.invokeExact_MT(java.lang.Object, java.lang.Object)'> (0x00000007188204b8) 
thrown [s\open\src\hotspot\share\interpreter\linkResolver.cpp, line 773]
Event: 0.424 Thread 0x0000026f4a4cf0a0 Exception <a 'java/lang/ClassNotFoundException'{0x0000000718890798}: sun/awt/resources/spi/awtProvider> (0x0000000718890798) 
thrown [s\open\src\hotspot\share\classfile\systemDictionary.cpp, line 305]
Event: 0.435 Thread 0x0000026f4a4cf0a0 Exception <a 'java/io/FileNotFoundException'{0x00000007188db2f0}> (0x00000007188db2f0) 
thrown [s\open\src\hotspot\share\prims\jni.cpp, line 519]
Event: 0.438 Thread 0x0000026f4a4cf0a0 Exception <a 'java/io/FileNotFoundException'{0x0000000718905388}> (0x0000000718905388) 
thrown [s\open\src\hotspot\share\prims\jni.cpp, line 519]
Event: 0.451 Thread 0x0000026f4a4cf0a0 Exception <a 'java/lang/NoSuchMethodError'{0x00000007189403b8}: 'java.lang.Object java.lang.invoke.DirectMethodHandle$Holder.invokeStaticInit(java.lang.Object, int, int, int, int)'> (0x00000007189403b8) 
thrown [s\open\src\hotspot\share\interpreter\linkResolver.cpp, line 773]
Event: 0.481 Thread 0x0000026f4a4cf0a0 Exception <a 'java/lang/NoSuchMethodError'{0x000000071860d848}: 'java.lang.Object java.lang.invoke.DirectMethodHandle$Holder.invokeStaticInit(java.lang.Object, java.lang.Object, int, int, int, int)'> (0x000000071860d848) 
thrown [s\open\src\hotspot\share\interpreter\linkResolver.cpp, line 773]
Event: 0.536 Thread 0x0000026f4a4cf0a0 Exception <a 'java/lang/NoSuchMethodError'{0x00000007187aadd8}: 'void java.lang.System.load(java.lang.String, java.lang.Class)'> (0x00000007187aadd8) 
thrown [s\open\src\hotspot\share\interpreter\linkResolver.cpp, line 773]
Event: 0.536 Thread 0x0000026f4a4cf0a0 Exception <a 'java/lang/NoSuchMethodError'{0x00000007187adbc0}: 'void java.lang.System.loadLibrary(java.lang.String, java.lang.Class)'> (0x00000007187adbc0) 
thrown [s\open\src\hotspot\share\interpreter\linkResolver.cpp, line 773]
Event: 0.540 Thread 0x0000026f4a4cf0a0 Exception <a 'sun/nio/fs/WindowsException'{0x00000007187bd3e8}> (0x00000007187bd3e8) 
thrown [s\open\src\hotspot\share\prims\jni.cpp, line 519]
Event: 0.540 Thread 0x0000026f4a4cf0a0 Exception <a 'sun/nio/fs/WindowsException'{0x00000007187bd788}> (0x00000007187bd788) 
thrown [s\open\src\hotspot\share\prims\jni.cpp, line 519]
Event: 0.543 Thread 0x0000026f4a4cf0a0 Exception <a 'sun/nio/fs/WindowsException'{0x00000007187c64a0}> (0x00000007187c64a0) 
thrown [s\open\src\hotspot\share\prims\jni.cpp, line 519]
Event: 0.544 Thread 0x0000026f4a4cf0a0 Exception <a 'sun/nio/fs/WindowsException'{0x00000007187c6770}> (0x00000007187c6770) 
thrown [s\open\src\hotspot\share\prims\jni.cpp, line 519]

VM Operations (8 events):
Event: 0.047 Executing VM operation: HandshakeAllThreads
Event: 0.047 Executing VM operation: HandshakeAllThreads done
Event: 0.417 Executing VM operation: HandshakeAllThreads
Event: 0.417 Executing VM operation: HandshakeAllThreads done
Event: 0.422 Executing VM operation: HandshakeAllThreads
Event: 0.422 Executing VM operation: HandshakeAllThreads done
Event: 0.455 Executing VM operation: HandshakeAllThreads
Event: 0.455 Executing VM operation: HandshakeAllThreads done

Events (17 events):
Event: 0.011 Thread 0x0000026f4a4cf0a0 Thread added: 0x0000026f4a4cf0a0
Event: 0.020 Thread 0x0000026f6a276530 Thread added: 0x0000026f6a276530
Event: 0.020 Thread 0x0000026f6a2798e0 Thread added: 0x0000026f6a2798e0
Event: 0.020 Thread 0x0000026f6a283750 Thread added: 0x0000026f6a283750
Event: 0.020 Thread 0x0000026f6a280cd0 Thread added: 0x0000026f6a280cd0
Event: 0.020 Thread 0x0000026f6a281220 Thread added: 0x0000026f6a281220
Event: 0.020 Thread 0x0000026f6a282cb0 Thread added: 0x0000026f6a282cb0
Event: 0.020 Thread 0x0000026f6a2939b0 Thread added: 0x0000026f6a2939b0
Event: 0.020 Thread 0x0000026f6a294c00 Thread added: 0x0000026f6a294c00
Event: 0.034 Thread 0x0000026f6e4fdf90 Thread added: 0x0000026f6e4fdf90
Event: 0.034 Thread 0x0000026f6e508330 Thread added: 0x0000026f6e508330
Event: 0.035 Thread 0x0000026f6a283ca0 Thread added: 0x0000026f6a283ca0
Event: 0.038 Thread 0x0000026f6a283200 Thread added: 0x0000026f6a283200
Event: 0.131 Thread 0x0000026f6e7fcbb0 Thread added: 0x0000026f6e7fcbb0
Event: 0.369 Thread 0x0000026f6e7fcbb0 Thread exited: 0x0000026f6e7fcbb0
Event: 0.486 Thread 0x0000026f6a280780 Thread added: 0x0000026f6a280780
Event: 0.526 Thread 0x0000026f723b94a0 Thread added: 0x0000026f723b94a0


Dynamic libraries:
0x00007ff70e120000 - 0x00007ff70e130000 	C:\Program Files\Java\jdk-20\bin\javaw.exe
0x00007fff3a9d0000 - 0x00007fff3abe6000 	C:\WINDOWS\SYSTEM32\ntdll.dll
0x00007fff39ae0000 - 0x00007fff39ba4000 	C:\WINDOWS\System32\KERNEL32.DLL
0x00007fff380e0000 - 0x00007fff38487000 	C:\WINDOWS\System32\KERNELBASE.dll
0x00007fff37fc0000 - 0x00007fff380d1000 	C:\WINDOWS\System32\ucrtbase.dll
0x00007fff32f60000 - 0x00007fff32f79000 	C:\Program Files\Java\jdk-20\bin\jli.dll
0x00007fff39630000 - 0x00007fff396e2000 	C:\WINDOWS\System32\ADVAPI32.dll
0x00007fff38aa0000 - 0x00007fff38b47000 	C:\WINDOWS\System32\msvcrt.dll
0x00007fff3a8e0000 - 0x00007fff3a988000 	C:\WINDOWS\System32\sechost.dll
0x00007fff37e60000 - 0x00007fff37e88000 	C:\WINDOWS\System32\bcrypt.dll
0x00007ffefb7a0000 - 0x00007ffefb7bb000 	C:\Program Files\Java\jdk-20\bin\VCRUNTIME140.dll
0x00007fff3a040000 - 0x00007fff3a155000 	C:\WINDOWS\System32\RPCRT4.dll
0x00007fff396f0000 - 0x00007fff3989e000 	C:\WINDOWS\System32\USER32.dll
0x00007fff386d0000 - 0x00007fff386f6000 	C:\WINDOWS\System32\win32u.dll
0x00007fff387c0000 - 0x00007fff387e9000 	C:\WINDOWS\System32\GDI32.dll
0x00007fff24b80000 - 0x00007fff24e13000 	C:\WINDOWS\WinSxS\amd64_microsoft.windows.common-controls_6595b64144ccf1df_6.0.22621.3235_none_270f74e173860f98\COMCTL32.dll
0x00007fff38530000 - 0x00007fff38649000 	C:\WINDOWS\System32\gdi32full.dll
0x00007fff38490000 - 0x00007fff3852a000 	C:\WINDOWS\System32\msvcp_win.dll
0x00007fff30030000 - 0x00007fff3003a000 	C:\WINDOWS\SYSTEM32\VERSION.dll
0x00007fff38700000 - 0x00007fff38731000 	C:\WINDOWS\System32\IMM32.DLL
0x00007fff31790000 - 0x00007fff3179c000 	C:\Program Files\Java\jdk-20\bin\vcruntime140_1.dll
0x00007ffee67d0000 - 0x00007ffee685e000 	C:\Program Files\Java\jdk-20\bin\msvcp140.dll
0x00007ffe64470000 - 0x00007ffe65107000 	C:\Program Files\Java\jdk-20\bin\server\jvm.dll
0x00007fff14810000 - 0x00007fff14819000 	C:\WINDOWS\SYSTEM32\WSOCK32.dll
0x00007fff2f910000 - 0x00007fff2f944000 	C:\WINDOWS\SYSTEM32\WINMM.dll
0x00007fff39fc0000 - 0x00007fff3a031000 	C:\WINDOWS\System32\WS2_32.dll
0x00007fff36d00000 - 0x00007fff36d18000 	C:\WINDOWS\SYSTEM32\kernel.appcore.dll
0x00007fff34960000 - 0x00007fff3496a000 	C:\Program Files\Java\jdk-20\bin\jimage.dll
0x00007fff2d5e0000 - 0x00007fff2d813000 	C:\WINDOWS\SYSTEM32\DBGHELP.DLL
0x00007fff39c30000 - 0x00007fff39fb8000 	C:\WINDOWS\System32\combase.dll
0x00007fff389c0000 - 0x00007fff38a97000 	C:\WINDOWS\System32\OLEAUT32.dll
0x00007fff2d560000 - 0x00007fff2d592000 	C:\WINDOWS\SYSTEM32\dbgcore.DLL
0x00007fff38650000 - 0x00007fff386c9000 	C:\WINDOWS\System32\bcryptPrimitives.dll
0x00007fff32ea0000 - 0x00007fff32ec6000 	C:\Program Files\Java\jdk-20\bin\java.dll
0x00007ffef8c10000 - 0x00007ffef8ce7000 	C:\Program Files\Java\jdk-20\bin\jsvml.dll
0x00007fff38dd0000 - 0x00007fff3962c000 	C:\WINDOWS\System32\SHELL32.dll
0x00007fff35c00000 - 0x00007fff364f9000 	C:\WINDOWS\SYSTEM32\windows.storage.dll
0x00007fff35ac0000 - 0x00007fff35bfe000 	C:\WINDOWS\SYSTEM32\wintypes.dll
0x00007fff3a6e0000 - 0x00007fff3a7d3000 	C:\WINDOWS\System32\SHCORE.dll
0x00007fff3a160000 - 0x00007fff3a1be000 	C:\WINDOWS\System32\shlwapi.dll
0x00007fff37c20000 - 0x00007fff37c41000 	C:\WINDOWS\SYSTEM32\profapi.dll
0x00007fff2e0b0000 - 0x00007fff2e0c3000 	C:\Program Files\Java\jdk-20\bin\net.dll
0x00007fff315f0000 - 0x00007fff31726000 	C:\WINDOWS\SYSTEM32\WINHTTP.dll
0x00007fff37170000 - 0x00007fff371d9000 	C:\WINDOWS\system32\mswsock.dll
0x00007fff218c0000 - 0x00007fff218d6000 	C:\Program Files\Java\jdk-20\bin\nio.dll
0x00007fff2fa00000 - 0x00007fff2fa18000 	C:\Program Files\Java\jdk-20\bin\zip.dll
0x00007ffd4e1f0000 - 0x00007ffd4e26b000 	C:\Users\Denni\AppData\Local\Temp\lwjgl_Denni\3.3.3+5\x64\lwjgl.dll
0x00007ffd4cf90000 - 0x00007ffd4d012000 	C:\Users\Denni\AppData\Local\Temp\lwjgl_Denni\3.3.3+5\x64\glfw.dll
0x00007ffee6780000 - 0x00007ffee67c6000 	C:\WINDOWS\SYSTEM32\dinput8.dll
0x00007ffef5520000 - 0x00007ffef5531000 	C:\WINDOWS\SYSTEM32\xinput1_4.dll
0x00007fff379e0000 - 0x00007fff37a2e000 	C:\WINDOWS\SYSTEM32\cfgmgr32.dll
0x00007fff379b0000 - 0x00007fff379dc000 	C:\WINDOWS\SYSTEM32\DEVOBJ.dll
0x00007fff35450000 - 0x00007fff3547b000 	C:\WINDOWS\SYSTEM32\dwmapi.dll
0x00007fff1ff70000 - 0x00007fff2017a000 	C:\WINDOWS\SYSTEM32\inputhost.dll
0x00007fff34e70000 - 0x00007fff34fa4000 	C:\WINDOWS\SYSTEM32\CoreMessaging.dll
0x00007fff37400000 - 0x00007fff3740c000 	C:\WINDOWS\SYSTEM32\CRYPTBASE.DLL
0x00007fff35220000 - 0x00007fff352cb000 	C:\WINDOWS\system32\uxtheme.dll
0x00007fff387f0000 - 0x00007fff38943000 	C:\WINDOWS\System32\MSCTF.dll
0x00007ffec6ca0000 - 0x00007ffec6da0000 	C:\WINDOWS\SYSTEM32\opengl32.dll
0x00007fff0d090000 - 0x00007fff0d0bd000 	C:\WINDOWS\SYSTEM32\GLU32.dll
0x00007fff35300000 - 0x00007fff35339000 	C:\WINDOWS\SYSTEM32\dxcore.dll
0x00007fff32ad0000 - 0x00007fff32b1a000 	C:\WINDOWS\SYSTEM32\directxdatabasehelper.dll
0x00007fff38b60000 - 0x00007fff38c10000 	C:\WINDOWS\System32\clbcatq.dll
0x00007ffebf0a0000 - 0x00007ffebf0cc000 	C:\WINDOWS\System32\DriverStore\FileRepository\u0375185.inf_amd64_73f65969b9079bf6\B375122\atig6pxx.dll
0x00007ffd44560000 - 0x00007ffd473a3000 	C:\WINDOWS\System32\DriverStore\FileRepository\u0375185.inf_amd64_73f65969b9079bf6\B375122\atio6axx.dll
0x00007fff3a1d0000 - 0x00007fff3a644000 	C:\WINDOWS\System32\SETUPAPI.dll
0x00007fff398a0000 - 0x00007fff39a45000 	C:\WINDOWS\System32\ole32.dll
0x00007fff2c4d0000 - 0x00007fff2c4f5000 	C:\WINDOWS\SYSTEM32\dxva2.dll
0x00007ffd4cf50000 - 0x00007ffd4cf8f000 	C:\WINDOWS\System32\DriverStore\FileRepository\u0375185.inf_amd64_73f65969b9079bf6\B375122\atig6txx.dll
0x00007ffd4b190000 - 0x00007ffd4b35c000 	C:\WINDOWS\SYSTEM32\atiadlxx.dll
0x00007fff38b50000 - 0x00007fff38b58000 	C:\WINDOWS\System32\PSAPI.DLL
0x00007fff33270000 - 0x00007fff33371000 	C:\WINDOWS\SYSTEM32\PROPSYS.dll
0x00007fff1f8c0000 - 0x00007fff1f910000 	C:\WINDOWS\SYSTEM32\pdh.dll
0x00007fff37f50000 - 0x00007fff37fbb000 	C:\WINDOWS\System32\WINTRUST.dll
0x00007fff37cf0000 - 0x00007fff37e57000 	C:\WINDOWS\System32\CRYPT32.dll
0x00007fff37990000 - 0x00007fff379a2000 	C:\WINDOWS\SYSTEM32\MSASN1.dll
0x00007fff23130000 - 0x00007fff2327a000 	C:\WINDOWS\SYSTEM32\textinputframework.dll
0x00007fff319d0000 - 0x00007fff31d3c000 	C:\WINDOWS\SYSTEM32\CoreUIComponents.dll
0x00007ffd4b5c0000 - 0x00007ffd4b751000 	C:\Program Files\Java\jdk-20\bin\awt.dll
0x00007fff35160000 - 0x00007fff351f7000 	C:\WINDOWS\SYSTEM32\apphelp.dll
0x00007fff373e0000 - 0x00007fff373fb000 	C:\WINDOWS\SYSTEM32\CRYPTSP.dll
0x00007fff36c60000 - 0x00007fff36c95000 	C:\WINDOWS\system32\rsaenh.dll
0x00007fff37280000 - 0x00007fff372a8000 	C:\WINDOWS\SYSTEM32\USERENV.dll
0x00007fff36750000 - 0x00007fff3677d000 	C:\WINDOWS\SYSTEM32\IPHLPAPI.DLL
0x00007fff39a60000 - 0x00007fff39a69000 	C:\WINDOWS\System32\NSI.dll
0x00007fff30840000 - 0x00007fff30859000 	C:\WINDOWS\SYSTEM32\dhcpcsvc6.DLL
0x00007fff30330000 - 0x00007fff3034f000 	C:\WINDOWS\SYSTEM32\dhcpcsvc.DLL
0x00007fff36780000 - 0x00007fff36879000 	C:\WINDOWS\SYSTEM32\DNSAPI.dll
0x00007ffe86770000 - 0x00007ffe8679e000 	C:\Program Files\Java\jdk-20\bin\javajpeg.dll
0x00007ffd4cef0000 - 0x00007ffd4cf4e000 	C:\Users\Denni\AppData\Local\Temp\lwjgl_Denni\3.3.3+5\x64\lwjgl_opengl.dll

dbghelp: loaded successfully - version: 4.0.5 - missing functions: none
symbol engine: initialized successfully - sym options: 0x614 - pdb path: .;C:\Program Files\Java\jdk-20\bin;C:\WINDOWS\SYSTEM32;C:\WINDOWS\WinSxS\amd64_microsoft.windows.common-controls_6595b64144ccf1df_6.0.22621.3235_none_270f74e173860f98;C:\Program Files\Java\jdk-20\bin\server;C:\Users\Denni\AppData\Local\Temp\lwjgl_Denni\3.3.3+5\x64;C:\WINDOWS\System32\DriverStore\FileRepository\u0375185.inf_amd64_73f65969b9079bf6\B375122

VM Arguments:
jvm_args: -Dfile.encoding=UTF-8 -XX:+ShowCodeDetailsInExceptionMessages 
java_command: Main3D
java_class_path (initial): C:\Users\Denni\OneDrive - UNIVALI\DISCIPLINAS\Disciplina Computao Grafica - CCO\20241\work\Opengl03_Textura\target\classes;C:\Users\Denni\.m2\repository\org\lwjgl\lwjgl\3.3.3\lwjgl-3.3.3.jar;C:\Users\Denni\.m2\repository\org\lwjgl\lwjgl-assimp\3.3.3\lwjgl-assimp-3.3.3.jar;C:\Users\Denni\.m2\repository\org\lwjgl\lwjgl-glfw\3.3.3\lwjgl-glfw-3.3.3.jar;C:\Users\Denni\.m2\repository\org\lwjgl\lwjgl-openal\3.3.3\lwjgl-openal-3.3.3.jar;C:\Users\Denni\.m2\repository\org\lwjgl\lwjgl-opengl\3.3.3\lwjgl-opengl-3.3.3.jar;C:\Users\Denni\.m2\repository\org\lwjgl\lwjgl-stb\3.3.3\lwjgl-stb-3.3.3.jar;C:\Users\Denni\.m2\repository\org\lwjgl\lwjgl\3.3.3\lwjgl-3.3.3-natives-windows.jar;C:\Users\Denni\.m2\repository\org\lwjgl\lwjgl-assimp\3.3.3\lwjgl-assimp-3.3.3-natives-windows.jar;C:\Users\Denni\.m2\repository\org\lwjgl\lwjgl-glfw\3.3.3\lwjgl-glfw-3.3.3-natives-windows.jar;C:\Users\Denni\.m2\repository\org\lwjgl\lwjgl-openal\3.3.3\lwjgl-openal-3.3.3-natives-windows.jar;C:\Users\Denni\.m2\repository\org\lwjgl\lwjgl-opengl\3.3.3\lwjgl-opengl-3.3.3-natives-windows.jar;C:\Users\Denni\.m2\repository\org\lwjgl\lwjgl-stb\3.3.3\lwjgl-stb-3.3.3-natives-windows.jar
Launcher Type: SUN_STANDARD

[Global flags]
     intx CICompilerCount                          = 12                                        {product} {ergonomic}
     uint ConcGCThreads                            = 3                                         {product} {ergonomic}
     uint G1ConcRefinementThreads                  = 13                                        {product} {ergonomic}
   size_t G1HeapRegionSize                         = 2097152                                   {product} {ergonomic}
    uintx GCDrainStackTargetSize                   = 64                                        {product} {ergonomic}
   size_t InitialHeapSize                          = 260046848                                 {product} {ergonomic}
   size_t MarkStackSize                            = 4194304                                   {product} {ergonomic}
   size_t MaxHeapSize                              = 4135583744                                {product} {ergonomic}
   size_t MaxNewSize                               = 2480930816                                {product} {ergonomic}
   size_t MinHeapDeltaBytes                        = 2097152                                   {product} {ergonomic}
   size_t MinHeapSize                              = 8388608                                   {product} {ergonomic}
    uintx NonNMethodCodeHeapSize                   = 7602480                                {pd product} {ergonomic}
    uintx NonProfiledCodeHeapSize                  = 122027880                              {pd product} {ergonomic}
    uintx ProfiledCodeHeapSize                     = 122027880                              {pd product} {ergonomic}
    uintx ReservedCodeCacheSize                    = 251658240                              {pd product} {ergonomic}
     bool SegmentedCodeCache                       = true                                      {product} {ergonomic}
     bool ShowCodeDetailsInExceptionMessages       = true                                   {manageable} {command line}
   size_t SoftMaxHeapSize                          = 4135583744                             {manageable} {ergonomic}
     bool UseCompressedClassPointers               = true                           {product lp64_product} {ergonomic}
     bool UseCompressedOops                        = true                           {product lp64_product} {ergonomic}
     bool UseG1GC                                  = true                                      {product} {ergonomic}
     bool UseLargePagesIndividualAllocation        = false                                  {pd product} {ergonomic}

Logging:
Log output configuration:
 #0: stdout all=warning uptime,level,tags foldmultilines=false
 #1: stderr all=off uptime,level,tags foldmultilines=false

Environment Variables:
JAVA_HOME=C:\Program Files\Java\jdk-14.0.2
PATH=C:/Program Files/Java/jdk-20/bin/server;C:/Program Files/Java/jdk-20/bin;C:\Program Files\OpenJDK\jdk-8.0.362.09-hotspot\bin;C:\Program Files (x86)\Razer\ChromaBroadcast\bin;C:\Program Files\Razer\ChromaBroadcast\bin;C:\Program Files\Common Files\Oracle\Java\javapath;C:\Program Files (x86)\Common Files\Oracle\Java\javapath;C:\Windows\system32;C:\Windows;C:\Windows\System32\Wbem;C:\Windows\System32\WindowsPowerShell\v1.0\;C:\Windows\System32\OpenSSH\;C:\Program Files (x86)\NVIDIA Corporation\PhysX\Common;C:\Program Files\NVIDIA Corporation\NVIDIA NvDLISR;C:\Program Files\Docker\Docker\resources\bin;C:\ProgramData\DockerDesktop\version-bin;C:\SDK\apache-maven-3.8.6\bin;C:\Program Files\Java\jdk-14.0.2\bin;C:\Program Files\PuTTY\;C:\Program Files\Git\cmd;C:\Windows\system32\config\systemprofile\AppData\Local\Microsoft\WindowsApps;C:\WINDOWS\system32;C:\WINDOWS;C:\WINDOWS\System32\Wbem;C:\WINDOWS\System32\WindowsPowerShell\v1.0\;C:\WINDOWS\System32\OpenSSH\;C:\Program Files\dotnet\;C:\Program Files\Git LFS;C:\Program Files\TortoiseGit\bin;C:\Program Files (x86)\Google\Cloud SDK\google-cloud-sdk\bin;C:\Program Files (x86)\Bitvise SSH Client;C:\Users\Denni\AppData\Local\Microsoft\WindowsApps;C:\Users\Denni\AppData\Local\Programs\Microsoft VS Code\bin;C:\Users\Denni\AppData\Local\Google\Cloud SDK\google-cloud-sdk\bin;C:\Users\Denni\OneDrive\rea de Trabalho;
USERNAME=Denni
OS=Windows_NT
PROCESSOR_IDENTIFIER=AMD64 Family 25 Model 80 Stepping 0, AuthenticAMD
TMP=C:\Users\Denni\AppData\Local\Temp
TEMP=C:\Users\Denni\AppData\Local\Temp




---------------  S Y S T E M  ---------------

OS:
 Windows 11 , 64 bit Build 22621 (10.0.22621.3374)
OS uptime: 7 days 1:28 hours
Hyper-V role detected

CPU: total 16 (initial active 16) (16 cores per cpu, 2 threads per core) family 25 model 80 stepping 0 microcode 0x0, cx8, cmov, fxsr, ht, mmx, 3dnowpref, sse, sse2, sse3, ssse3, sse4a, sse4.1, sse4.2, popcnt, lzcnt, tsc, tscinvbit, avx, avx2, aes, erms, clmul, bmi1, bmi2, adx, sha, fma, vzeroupper, clflush, clflushopt, hv, rdtscp, rdpid, fsrm, f16c, cet_ss

Memory: 4k page, system-wide physical 15775M (544M free)
TotalPageFile size 54687M (AvailPageFile size 15008M)
current process WorkingSet (physical memory assigned to process): 90M, peak: 90M
current process commit charge ("private bytes"): 425M, peak: 425M

vm_info: Java HotSpot(TM) 64-Bit Server VM (20.0.1+9-29) for windows-amd64 JRE (20.0.1+9-29), built on 2023-03-07T13:56:11Z by "mach5one" with MS VC++ 17.1 (VS2022)

END.
